0 info it worked if it ends with ok
1 verbose cli [ '/usr/bin/nodejs', '/usr/bin/npm', 'start' ]
2 info using npm@3.5.2
3 info using node@v4.2.6
4 verbose run-script [ 'prestart', 'start', 'poststart' ]
5 info lifecycle kisallioppiminen-frontend@~prestart: kisallioppiminen-frontend@
6 silly lifecycle kisallioppiminen-frontend@~prestart: no script for prestart, continuing
7 info lifecycle kisallioppiminen-frontend@~start: kisallioppiminen-frontend@
8 verbose lifecycle kisallioppiminen-frontend@~start: unsafe-perm in lifecycle true
9 verbose lifecycle kisallioppiminen-frontend@~start: PATH: /usr/share/npm/bin/node-gyp-bin:/home/eero/ohtuprojekti/kisallioppiminen-frontend/node_modules/.bin:/home/eero/bin:/home/eero/.local/bin:/usr/local/sbin:/usr/local/bin:/usr/sbin:/usr/bin:/sbin:/bin:/usr/games:/usr/local/games:/home/eero/.rvm/bin:/home/eero/.rvm/bin
10 verbose lifecycle kisallioppiminen-frontend@~start: CWD: /home/eero/ohtuprojekti/kisallioppiminen-frontend
11 silly lifecycle kisallioppiminen-frontend@~start: Args: [ '-c',
11 silly lifecycle   'webpack --env.platform=web && webpack --env.platform=server && node ./dist/js/server' ]
12 silly lifecycle kisallioppiminen-frontend@~start: Returned: code: 1  signal: null
13 info lifecycle kisallioppiminen-frontend@~start: Failed to exec start script
14 verbose stack Error: kisallioppiminen-frontend@ start: `webpack --env.platform=web && webpack --env.platform=server && node ./dist/js/server`
14 verbose stack Exit status 1
14 verbose stack     at EventEmitter.<anonymous> (/usr/share/npm/lib/utils/lifecycle.js:232:16)
14 verbose stack     at emitTwo (events.js:87:13)
14 verbose stack     at EventEmitter.emit (events.js:172:7)
14 verbose stack     at ChildProcess.<anonymous> (/usr/share/npm/lib/utils/spawn.js:24:14)
14 verbose stack     at emitTwo (events.js:87:13)
14 verbose stack     at ChildProcess.emit (events.js:172:7)
14 verbose stack     at maybeClose (internal/child_process.js:821:16)
14 verbose stack     at Process.ChildProcess._handle.onexit (internal/child_process.js:211:5)
15 verbose pkgid kisallioppiminen-frontend@
16 verbose cwd /home/eero/ohtuprojekti/kisallioppiminen-frontend
17 error Linux 4.10.0-38-generic
18 error argv "/usr/bin/nodejs" "/usr/bin/npm" "start"
19 error node v4.2.6
20 error npm  v3.5.2
21 error code ELIFECYCLE
22 error kisallioppiminen-frontend@ start: `webpack --env.platform=web && webpack --env.platform=server && node ./dist/js/server`
22 error Exit status 1
23 error Failed at the kisallioppiminen-frontend@ start script 'webpack --env.platform=web && webpack --env.platform=server && node ./dist/js/server'.
23 error Make sure you have the latest version of node.js and npm installed.
23 error If you do, this is most likely a problem with the kisallioppiminen-frontend package,
23 error not with npm itself.
23 error Tell the author that this fails on your system:
23 error     webpack --env.platform=web && webpack --env.platform=server && node ./dist/js/server
23 error You can get information on how to open an issue for this project with:
23 error     npm bugs kisallioppiminen-frontend
23 error Or if that isn't available, you can get their info via:
23 error     npm owner ls kisallioppiminen-frontend
23 error There is likely additional logging output above.
24 verbose exit [ 1, true ]
